<?xml version='1.0' encoding='UTF-8'?><java-wsdl-mapping version='1.1' xmlns='http://java.sun.com/xml/ns/j2ee' xmlns:xsi='http://www.w3.org/2001/XMLSchema-instance' xsi:schemaLocation='http://java.sun.com/xml/ns/j2ee http://www.ibm.com/webservices/xsd/j2ee_jaxrpc_mapping_1_1.xsd'>
 <package-mapping>
  <package-type>org.jboss.test.ws.jaxrpc.jbws1205</package-type>
  <namespaceURI>http://org.jboss.test.ws/jbws1205/types</namespaceURI>
 </package-mapping>
 <java-xml-type-mapping>
  <java-type>org.jboss.test.ws.jaxrpc.jbws1205.TestException</java-type>
  <root-type-qname xmlns:typeNS='http://org.jboss.test.ws/jbws1205/types'>typeNS:TestException</root-type-qname>
  <qname-scope>complexType</qname-scope>
  <variable-mapping>
   <java-variable-name>message</java-variable-name>
   <xml-element-name>message</xml-element-name>
  </variable-mapping>
 </java-xml-type-mapping>
 <exception-mapping>
  <exception-type>org.jboss.test.ws.jaxrpc.jbws1205.TestException</exception-type>
  <wsdl-message xmlns:exMsgNS='http://org.jboss.test.ws/jbws1205'>exMsgNS:TestException</wsdl-message>
  <constructor-parameter-order>
   <element-name>message</element-name>
  </constructor-parameter-order>
 </exception-mapping>
 <service-interface-mapping>
  <service-interface>org.jboss.test.ws.jaxrpc.jbws1205.TestService</service-interface>
  <wsdl-service-name xmlns:serviceNS='http://org.jboss.test.ws/jbws1205'>serviceNS:TestService</wsdl-service-name>
  <port-mapping>
   <port-name>TestEndpointPort</port-name>
   <java-port-name>TestEndpointPort</java-port-name>
  </port-mapping>
 </service-interface-mapping>
 <service-endpoint-interface-mapping>
  <service-endpoint-interface>org.jboss.test.ws.jaxrpc.jbws1205.TestEndpoint</service-endpoint-interface>
  <wsdl-port-type xmlns:portTypeNS='http://org.jboss.test.ws/jbws1205'>portTypeNS:TestEndpoint</wsdl-port-type>
  <wsdl-binding xmlns:bindingNS='http://org.jboss.test.ws/jbws1205'>bindingNS:TestEndpointBinding</wsdl-binding>
  <service-endpoint-method-mapping>
   <java-method-name>performTest</java-method-name>
   <wsdl-operation>performTest</wsdl-operation>
  </service-endpoint-method-mapping>
 </service-endpoint-interface-mapping>
</java-wsdl-mapping>