<?xml version='1.0' encoding='UTF-8'?><java-wsdl-mapping version='1.1' xmlns='http://java.sun.com/xml/ns/j2ee' xmlns:xsi='http://www.w3.org/2001/XMLSchema-instance' xsi:schemaLocation='http://java.sun.com/xml/ns/j2ee http://www.ibm.com/webservices/xsd/j2ee_jaxrpc_mapping_1_1.xsd'>
 <package-mapping>
  <package-type>org.jboss.test.ws.jaxrpc.jbws1190</package-type>
  <namespaceURI>http://org.jboss.test.ws/jbws1190/types</namespaceURI>
 </package-mapping>
 <service-interface-mapping>
  <service-interface>org.jboss.test.ws.jaxrpc.jbws1190.TestService</service-interface>
  <wsdl-service-name xmlns:serviceNS='http://org.jboss.test.ws/jbws1190'>serviceNS:TestService</wsdl-service-name>
  <port-mapping>
   <port-name>TestEndpointPort</port-name>
   <java-port-name>TestEndpointPort</java-port-name>
  </port-mapping>
 </service-interface-mapping>
 <service-endpoint-interface-mapping>
  <service-endpoint-interface>org.jboss.test.ws.jaxrpc.jbws1190.TestEndpoint</service-endpoint-interface>
  <wsdl-port-type xmlns:portTypeNS='http://org.jboss.test.ws/jbws1190'>portTypeNS:TestEndpoint</wsdl-port-type>
  <wsdl-binding xmlns:bindingNS='http://org.jboss.test.ws/jbws1190'>bindingNS:TestEndpointBinding</wsdl-binding>
  <service-endpoint-method-mapping>
   <java-method-name>testAddress</java-method-name>
   <wsdl-operation>testAddress</wsdl-operation>
   <method-param-parts-mapping>
    <param-position>0</param-position>
    <param-type>java.lang.String</param-type>
    <wsdl-message-mapping>
     <wsdl-message xmlns:wsdlMsgNS='http://org.jboss.test.ws/jbws1190'>wsdlMsgNS:TestEndpoint_testAddress</wsdl-message>
     <wsdl-message-part-name>String_1</wsdl-message-part-name>
     <parameter-mode>IN</parameter-mode>
    </wsdl-message-mapping>
   </method-param-parts-mapping>
   <method-param-parts-mapping>
    <param-position>1</param-position>
    <param-type>java.lang.String</param-type>
    <wsdl-message-mapping>
     <wsdl-message xmlns:wsdlMsgNS='http://org.jboss.test.ws/jbws1190'>wsdlMsgNS:TestEndpoint_testAddress</wsdl-message>
     <wsdl-message-part-name>String_2</wsdl-message-part-name>
     <parameter-mode>IN</parameter-mode>
    </wsdl-message-mapping>
   </method-param-parts-mapping>
   <method-param-parts-mapping>
    <param-position>2</param-position>
    <param-type>java.lang.String</param-type>
    <wsdl-message-mapping>
     <wsdl-message xmlns:wsdlMsgNS='http://org.jboss.test.ws/jbws1190'>wsdlMsgNS:TestEndpoint_testAddress</wsdl-message>
     <wsdl-message-part-name>String_3</wsdl-message-part-name>
     <parameter-mode>IN</parameter-mode>
    </wsdl-message-mapping>
   </method-param-parts-mapping>
   <method-param-parts-mapping>
    <param-position>3</param-position>
    <param-type>java.lang.String</param-type>
    <wsdl-message-mapping>
     <wsdl-message xmlns:wsdlMsgNS='http://org.jboss.test.ws/jbws1190'>wsdlMsgNS:TestEndpoint_testAddress</wsdl-message>
     <wsdl-message-part-name>String_4</wsdl-message-part-name>
     <parameter-mode>IN</parameter-mode>
    </wsdl-message-mapping>
   </method-param-parts-mapping>
  </service-endpoint-method-mapping>
 </service-endpoint-interface-mapping>
</java-wsdl-mapping>